2017-02-27 16:20:34,732[0ms][346861221@qtp-486898233-0][xyz.javanew.interceptor.MenuInterceptor][INFO] - 拦截到来自null的请求：/
2017-02-27 16:23:33,122[0ms][main][xyz.javanew.service.DaoService][ERROR] - insert:[MenuEntity(id=HOME, seq=0, nameZh=主页, nameEn=Home, path=/, status=1, subMenus=null), MenuEntity(id=FUNCTION, seq=1, nameZh=功能区, nameEn=function, path=/function, status=1, subMenus=[MenuEntity(id=FUNCTION_DATE, seq=0, nameZh=日期转换, nameEn=date converter, path=/function/date, status=1, subMenus=null), MenuEntity(id=FUNCTION_REG, seq=1, nameZh=正则表达式, nameEn=regular expression, path=/function/reg, status=1, subMenus=null)])]
2017-02-27 16:23:42,956[188224ms][1984989635@qtp-486898233-6][xyz.javanew.interceptor.MenuInterceptor][INFO] - 拦截到来自null的请求：/
2017-02-27 16:23:44,820[190088ms][1984989635@qtp-486898233-6][xyz.javanew.interceptor.MenuInterceptor][INFO] - 拦截到来自null的请求：/
2017-02-27 16:23:47,435[192703ms][1984989635@qtp-486898233-6][xyz.javanew.interceptor.MenuInterceptor][INFO] - 拦截到来自/的请求：/
2017-02-27 16:23:59,053[204321ms][1984989635@qtp-486898233-6][xyz.javanew.interceptor.MenuInterceptor][INFO] - 拦截到来自/的请求：/
2017-02-27 16:26:31,878[357146ms][2093750647@qtp-486898233-9][xyz.javanew.interceptor.MenuInterceptor][INFO] - 拦截到来自/的请求：/
2017-02-27 16:26:46,740[0ms][346861221@qtp-486898233-0][xyz.javanew.interceptor.MenuInterceptor][INFO] - 拦截到来自/的请求：/
2017-02-27 16:28:16,636[89896ms][1122121268@qtp-486898233-7][xyz.javanew.interceptor.MenuInterceptor][INFO] - 拦截到来自/的请求：/
2017-02-27 16:28:33,031[106291ms][2064248107@qtp-486898233-4][xyz.javanew.interceptor.MenuInterceptor][INFO] - 拦截到来自/的请求：/function
2017-02-27 16:29:21,508[154768ms][2064248107@qtp-486898233-4][xyz.javanew.interceptor.MenuInterceptor][INFO] - 拦截到来自/的请求：/function
2017-02-27 16:32:04,565[317825ms][1152906811@qtp-486898233-8][xyz.javanew.interceptor.MenuInterceptor][INFO] - 拦截到来自/的请求：/function
2017-02-27 16:32:33,647[346907ms][759436333@qtp-486898233-5][xyz.javanew.interceptor.MenuInterceptor][INFO] - 拦截到来自/的请求：/function
2017-02-27 16:32:56,692[369952ms][961185706@qtp-486898233-9][xyz.javanew.interceptor.MenuInterceptor][INFO] - 拦截到来自/的请求：/function
2017-02-27 16:34:29,078[462338ms][1152906811@qtp-486898233-8][xyz.javanew.interceptor.MenuInterceptor][INFO] - 拦截到来自/的请求：/function
2017-02-27 16:34:49,566[0ms][346861221@qtp-486898233-0][xyz.javanew.interceptor.MenuInterceptor][INFO] - 拦截到来自/的请求：/function
2017-02-27 16:34:54,186[4620ms][1984989635@qtp-486898233-6][xyz.javanew.interceptor.MenuInterceptor][INFO] - 拦截到来自/function的请求：/function/date
2017-02-27 16:48:07,045[797479ms][1984989635@qtp-486898233-6][xyz.javanew.interceptor.MenuInterceptor][INFO] - 拦截到来自/function的请求：/function/date
2017-02-27 16:49:04,354[854788ms][166437655@qtp-486898233-8][xyz.javanew.interceptor.MenuInterceptor][INFO] - 拦截到来自/function的请求：/function/date
2017-02-27 16:49:30,378[880812ms][1549431920@qtp-486898233-12][xyz.javanew.interceptor.MenuInterceptor][INFO] - 拦截到来自/function的请求：/function/date
2017-02-27 16:51:58,518[1028952ms][1984989635@qtp-486898233-6][xyz.javanew.interceptor.MenuInterceptor][INFO] - 拦截到来自/function的请求：/function/date
2017-02-27 16:58:44,145[1434579ms][447355389@qtp-486898233-15][xyz.javanew.interceptor.MenuInterceptor][INFO] - 拦截到来自/function/date的请求：/function
2017-02-27 16:59:14,068[1464502ms][447355389@qtp-486898233-15][xyz.javanew.interceptor.MenuInterceptor][INFO] - 拦截到来自/function的请求：/function
2017-02-27 17:00:18,539[1528973ms][447355389@qtp-486898233-15][xyz.javanew.interceptor.MenuInterceptor][INFO] - 拦截到来自/function的请求：/function
2017-02-27 17:00:54,434[1564868ms][1551582915@qtp-486898233-19][xyz.javanew.interceptor.MenuInterceptor][INFO] - 拦截到来自/function的请求：/function/date
2017-02-27 17:01:04,334[1574768ms][1551582915@qtp-486898233-19][xyz.javanew.interceptor.MenuInterceptor][INFO] - 拦截到来自/function的请求：/function/date
2017-02-27 17:02:23,571[1654005ms][1551582915@qtp-486898233-19][xyz.javanew.interceptor.MenuInterceptor][INFO] - 拦截到来自/function的请求：/function/date
2017-02-27 17:32:01,849[0ms][1145361927@qtp-486898233-2][xyz.javanew.interceptor.MenuInterceptor][INFO] - 拦截到来自null的请求：null
2017-02-27 17:32:01,849[0ms][346861221@qtp-486898233-0][xyz.javanew.interceptor.MenuInterceptor][INFO] - 拦截到来自null的请求：null
2017-02-27 17:35:09,538[187689ms][1530403490@qtp-486898233-3][xyz.javanew.interceptor.MenuInterceptor][INFO] - 拦截到来自null的请求：null
2017-02-27 17:47:10,783[0ms][1188392295@qtp-486898233-1][xyz.javanew.interceptor.MenuInterceptor][INFO] - 拦截到来自null的请求：null
2017-02-27 17:48:27,688[0ms][346861221@qtp-486898233-0][xyz.javanew.interceptor.MenuInterceptor][INFO] - 拦截到来自null的请求：null
2017-02-27 18:05:33,635[1ms][346861221@qtp-486898233-0][xyz.javanew.interceptor.MenuInterceptor][INFO] - 拦截到来自null的请求：null
2017-02-27 18:06:52,467[78833ms][420529179@qtp-486898233-6][xyz.javanew.interceptor.MenuInterceptor][INFO] - 拦截到来自null的请求：null
2017-02-27 18:17:38,342[0ms][346861221@qtp-486898233-0][xyz.javanew.interceptor.MenuInterceptor][INFO] - 拦截到来自null的请求：null
2017-02-27 18:17:43,693[5351ms][769739870@qtp-486898233-5][xyz.javanew.interceptor.MenuInterceptor][INFO] - 拦截到来自null的请求：null
2017-02-27 18:18:42,014[63672ms][769739870@qtp-486898233-5][xyz.javanew.interceptor.MenuInterceptor][INFO] - 拦截到来自null的请求：null
2017-02-27 18:19:04,594[86252ms][769739870@qtp-486898233-5][xyz.javanew.interceptor.MenuInterceptor][INFO] - 拦截到来自null的请求：null
2017-02-27 18:22:04,080[0ms][346861221@qtp-486898233-0][xyz.javanew.interceptor.MenuInterceptor][INFO] - 拦截到来自null的请求：null
2017-02-27 18:22:20,918[16838ms][473642512@qtp-486898233-2][xyz.javanew.interceptor.MenuInterceptor][INFO] - 拦截到来自null的请求：null
2017-02-27 18:22:48,088[44008ms][473642512@qtp-486898233-2][xyz.javanew.interceptor.MenuInterceptor][INFO] - 拦截到来自null的请求：null
2017-02-27 18:23:45,725[0ms][346861221@qtp-486898233-0][xyz.javanew.interceptor.MenuInterceptor][INFO] - 拦截到来自null的请求：null
2017-02-27 18:24:08,639[22914ms][185981258@qtp-486898233-8][xyz.javanew.interceptor.MenuInterceptor][INFO] - 拦截到来自null的请求：null
2017-02-27 18:24:13,843[28118ms][185981258@qtp-486898233-8][xyz.javanew.interceptor.MenuInterceptor][INFO] - 拦截到来自null的请求：null
2017-02-27 18:26:48,132[182407ms][1698372322@qtp-486898233-3][xyz.javanew.interceptor.MenuInterceptor][INFO] - 拦截到来自null的请求：null
2017-02-27 18:27:39,768[234043ms][1698372322@qtp-486898233-3][xyz.javanew.interceptor.MenuInterceptor][INFO] - 拦截到来自null的请求：null
2017-02-27 18:28:16,689[270964ms][2050710481@qtp-486898233-11][xyz.javanew.interceptor.MenuInterceptor][INFO] - 拦截到来自null的请求：null
2017-02-27 18:28:32,203[286478ms][1323410306@qtp-486898233-10][xyz.javanew.interceptor.MenuInterceptor][INFO] - 拦截到来自null的请求：null
